<?xml version="1.0" encoding="UTF-8"?>
<!-- Generated by org.testng.reporters.JUnitReportReporter -->
<testsuite hostname="ATMECSINDT-083" failures="0" tests="1" name="com.swagalabs.testscript.Login" time="2.955" errors="0" timestamp="27 Feb 2020 06:18:32 GMT" skipped="0">
  <testcase classname="com.swagalabs.testscript.Login" name="login" time="2.955"/>
</testsuite> <!-- com.swagalabs.testscript.Login -->
