<?xml version="1.0" encoding="UTF-8"?>
<!-- Generated by org.testng.reporters.JUnitReportReporter -->
<testsuite hostname="ATMECSINDT-083" failures="0" tests="1" name="com.swagalabs.testscript.HomePageValidation" time="0.744" errors="0" timestamp="27 Feb 2020 06:18:32 GMT" skipped="0">
  <testcase classname="com.swagalabs.testscript.HomePageValidation" name="homePageValidation" time="0.744"/>
</testsuite> <!-- com.swagalabs.testscript.HomePageValidation -->
