<?xml version="1.0" encoding="UTF-8"?>
<!-- Generated by org.testng.reporters.JUnitReportReporter -->
<testsuite hostname="ATMECSINDT-083" failures="0" tests="3" name="com.atmecs.testscript.TestScript" time="17.391" errors="0" timestamp="26 Feb 2020 05:33:08 GMT" skipped="0">
  <testcase classname="com.atmecs.testscript.TestScript" name="anavigateToCloudService" time="14.483"/>
  <testcase classname="com.atmecs.testscript.TestScript" name="bnavigateToCareers" time="0.004"/>
  <testcase classname="com.atmecs.testscript.TestScript" name="creturnToHomepage" time="2.904"/>
</testsuite> <!-- com.atmecs.testscript.TestScript -->
